Performing C SOURCE FILE Test CMAKE_HAVE_LIBC_PTHREAD failed with the following output:
Change Dir: /home/chinghaomeng/motion_tracking_design/build/CMakeFiles/CMakeTmp

Run Build Command(s):/usr/bin/make -f Makefile cmTC_aaf19/fast && /usr/bin/make  -f CMakeFiles/cmTC_aaf19.dir/build.make CMakeFiles/cmTC_aaf19.dir/build
make[1]: Entering directory '/home/chinghaomeng/motion_tracking_design/build/CMakeFiles/CMakeTmp'
Building C object CMakeFiles/cmTC_aaf19.dir/src.c.o
/usr/bin/cc -DCMAKE_HAVE_LIBC_PTHREAD   -o CMakeFiles/cmTC_aaf19.dir/src.c.o -c /home/chinghaomeng/motion_tracking_design/build/CMakeFiles/CMakeTmp/src.c
Linking C executable cmTC_aaf19
/home/chinghaomeng/.local/lib/python3.5/site-packages/cmake/data/bin/cmake -E cmake_link_script CMakeFiles/cmTC_aaf19.dir/link.txt --verbose=1
/usr/bin/cc -rdynamic CMakeFiles/cmTC_aaf19.dir/src.c.o -o cmTC_aaf19 
CMakeFiles/cmTC_aaf19.dir/src.c.o: In function `main':
src.c:(.text+0x3c): undefined reference to `pthread_create'
src.c:(.text+0x48): undefined reference to `pthread_detach'
src.c:(.text+0x54): undefined reference to `pthread_cancel'
src.c:(.text+0x65): undefined reference to `pthread_join'
src.c:(.text+0x79): undefined reference to `pthread_atfork'
collect2: error: ld returned 1 exit status
CMakeFiles/cmTC_aaf19.dir/build.make:98: recipe for target 'cmTC_aaf19' failed
make[1]: *** [cmTC_aaf19] Error 1
make[1]: Leaving directory '/home/chinghaomeng/motion_tracking_design/build/CMakeFiles/CMakeTmp'
Makefile:127: recipe for target 'cmTC_aaf19/fast' failed
make: *** [cmTC_aaf19/fast] Error 2


Source file was:
#include <pthread.h>

static void* test_func(void* data)
{
  return data;
}

int main(void)
{
  pthread_t thread;
  pthread_create(&thread, NULL, test_func, NULL);
  pthread_detach(thread);
  pthread_cancel(thread);
  pthread_join(thread, NULL);
  pthread_atfork(NULL, NULL, NULL);
  pthread_exit(NULL);

  return 0;
}

Determining if the function pthread_create exists in the pthreads failed with the following output:
Change Dir: /home/chinghaomeng/motion_tracking_design/build/CMakeFiles/CMakeTmp

Run Build Command(s):/usr/bin/make -f Makefile cmTC_91cb9/fast && /usr/bin/make  -f CMakeFiles/cmTC_91cb9.dir/build.make CMakeFiles/cmTC_91cb9.dir/build
make[1]: Entering directory '/home/chinghaomeng/motion_tracking_design/build/CMakeFiles/CMakeTmp'
Building C object CMakeFiles/cmTC_91cb9.dir/CheckFunctionExists.c.o
/usr/bin/cc   -DCHECK_FUNCTION_EXISTS=pthread_create -o CMakeFiles/cmTC_91cb9.dir/CheckFunctionExists.c.o -c /home/chinghaomeng/.local/lib/python3.5/site-packages/cmake/data/share/cmake-3.21/Modules/CheckFunctionExists.c
Linking C executable cmTC_91cb9
/home/chinghaomeng/.local/lib/python3.5/site-packages/cmake/data/bin/cmake -E cmake_link_script CMakeFiles/cmTC_91cb9.dir/link.txt --verbose=1
/usr/bin/cc  -DCHECK_FUNCTION_EXISTS=pthread_create -rdynamic CMakeFiles/cmTC_91cb9.dir/CheckFunctionExists.c.o -o cmTC_91cb9  -lpthreads 
/usr/bin/ld: cannot find -lpthreads
collect2: error: ld returned 1 exit status
CMakeFiles/cmTC_91cb9.dir/build.make:98: recipe for target 'cmTC_91cb9' failed
make[1]: *** [cmTC_91cb9] Error 1
make[1]: Leaving directory '/home/chinghaomeng/motion_tracking_design/build/CMakeFiles/CMakeTmp'
Makefile:127: recipe for target 'cmTC_91cb9/fast' failed
make: *** [cmTC_91cb9/fast] Error 2



